<?xml version="1.0" encoding="UTF-8"?>
<!-- Generated by org.testng.reporters.JUnitReportReporter -->
<testsuite skipped="0" hostname="DESKTOP-NTJAFGH" name="com.live.pageTests.PriceCompareTest" tests="1" failures="0" timestamp="2019-12-28T01:06:29 IST" time="34.551" errors="0">
  <testcase name="comparePrice" time="34.551" classname="com.live.pageTests.PriceCompareTest"/>
</testsuite> <!-- com.live.pageTests.PriceCompareTest -->
