<?xml version="1.0" encoding="UTF-8"?>
<!-- Generated by org.testng.reporters.JUnitReportReporter -->
<testsuite skipped="0" hostname="DESKTOP-NTJAFGH" name="com.live.pageTests.TripAdvisorTest" tests="1" failures="0" timestamp="2019-12-28T01:06:29 IST" time="58.088" errors="0">
  <testcase name="reviewWritingTripAdvisor" time="58.088" classname="com.live.pageTests.TripAdvisorTest"/>
</testsuite> <!-- com.live.pageTests.TripAdvisorTest -->
